This is XeTeX, Version 3.141592653-2.6-0.999993 (TeX Live 2021) (preloaded format=xelatex 2022.2.28)  25 SEP 2023 22:00
entering extended mode
 restricted \write18 enabled.
 %&-line parsing enabled.
**ds4aj.tex
(./ds4aj.tex
LaTeX2e <2020-10-01> patch level 4
L3 programming layer <2021-02-18> (/usr/local/texlive/2021/texmf-dist/tex/latex
/bxjscls/bxjsbook.cls
Document Class: bxjsbook 2021/02/02 v2.5 BXJS document classes
(/usr/local/texlive/2021/texmf-dist/tex/latex/tools/calc.sty
Package: calc 2017/05/25 v4.3 Infix arithmetic (KKT,FJ)
\calc@Acount=\count175
\calc@Bcount=\count176
\calc@Adimen=\dimen138
\calc@Bdimen=\dimen139
\calc@Askip=\skip47
\calc@Bskip=\skip48
LaTeX Info: Redefining \setlength on input line 80.
LaTeX Info: Redefining \addtolength on input line 81.
\calc@Ccount=\count177
\calc@Cskip=\skip49
) (/usr/local/texlive/2021/texmf-dist/tex/latex/graphics/keyval.sty
Package: keyval 2014/10/28 v1.15 key=value parser (DPC)
\KV@toks@=\toks15
) (/usr/local/texlive/2021/texmf-dist/tex/latex/bxjscls/bxjscompat.sty
Package: bxjscompat 2021/02/02 v2.5 BXJS document classes
) (/usr/local/texlive/2021/texmf-dist/tex/generic/iftex/ifpdf.sty
Package: ifpdf 2019/10/25 v3.4 ifpdf legacy package. Use iftex instead.
(/usr/local/texlive/2021/texmf-dist/tex/generic/iftex/iftex.sty
Package: iftex 2020/03/06 v1.0d TeX engine tests
))
\stockwidth=\dimen140
\stockheight=\dimen141
\jsc@mpt=\dimen142
\jsc@mmm=\dimen143
\jsZw=\dimen144
\jsc@smallskipamount=\skip50
\Cht=\dimen145
\Cdp=\dimen146
\Cwd=\dimen147
\Cvs=\dimen148
\Chs=\dimen149
\fullwidth=\dimen150
(/usr/local/texlive/2021/texmf-dist/tex/latex/geometry/geometry.sty
Package: geometry 2020/01/02 v5.9 Page Geometry
(/usr/local/texlive/2021/texmf-dist/tex/generic/iftex/ifvtex.sty
Package: ifvtex 2019/10/25 v1.7 ifvtex legacy package. Use iftex instead.
)
\Gm@cnth=\count178
\Gm@cntv=\count179
\c@Gm@tempcnt=\count180
\Gm@bindingoffset=\dimen151
\Gm@wd@mp=\dimen152
\Gm@odd@mp=\dimen153
\Gm@even@mp=\dimen154
\Gm@layoutwidth=\dimen155
\Gm@layoutheight=\dimen156
\Gm@layouthoffset=\dimen157
\Gm@layoutvoffset=\dimen158
\Gm@dimlist=\toks16
)
\c@part=\count181
\c@chapter=\count182
\c@section=\count183
\c@subsection=\count184
\c@subsubsection=\count185
\c@paragraph=\count186
\c@subparagraph=\count187
\c@figure=\count188
\c@table=\count189
\abovecaptionskip=\skip51
\belowcaptionskip=\skip52
\jsc@tocl@width=\dimen159
\@lnumwidth=\dimen160
\bibindent=\dimen161
(/usr/local/texlive/2021/texmf-dist/tex/latex/bxwareki/bxwareki.sty
Package: bxwareki 2019/06/01 v0.6
\c@warekiyear=\count190
(/usr/local/texlive/2021/texmf-dist/tex/latex/bxwareki/bxwareki-cd.def
File: bxwareki-cd.def 2019/06/01 v0.6
)) (/usr/local/texlive/2021/texmf-dist/tex/latex/bxjscls/bxjsja-standard.def
File: bxjsja-standard.def 2021/02/02 v2.5 BXJS document classes
(/usr/local/texlive/2021/texmf-dist/tex/latex/bxjscls/bxjsja-minimal.def
File: bxjsja-minimal.def 2021/02/02 v2.5 BXJS document classes
\everypar=\toks17
) (/usr/local/texlive/2021/texmf-dist/tex/latex/zxjatype/zxjatype.sty
Package: zxjatype 2020/01/22 v0.7 ZX Japanese typeset
(/usr/local/texlive/2021/texmf-dist/tex/generic/iftex/ifxetex.sty
Package: ifxetex 2019/10/25 v0.7 ifxetex legacy package. Use iftex instead.
) (/usr/local/texlive/2021/texmf-dist/tex/xelatex/xecjk/xeCJK.sty (/usr/local/t
exlive/2021/texmf-dist/tex/latex/l3kernel/expl3.sty
Package: expl3 2021-02-18 L3 programming layer (loader) 
(/usr/local/texlive/2021/texmf-dist/tex/latex/l3backend/l3backend-xetex.def
File: l3backend-xetex.def 2021-03-18 L3 backend support: XeTeX
(|extractbb --version)
\c__kernel_sys_dvipdfmx_version_int=\count191
\l__color_backend_stack_int=\count192
\g__color_backend_stack_int=\count193
\g__graphics_track_int=\count194
\l__pdf_internal_box=\box47
\g__pdf_backend_object_int=\count195
\g__pdf_backend_annotation_int=\count196
\g__pdf_backend_link_int=\count197
))
Package: xeCJK 2020/10/19 v3.8.6 Typesetting CJK scripts with XeLaTeX
(/usr/local/texlive/2021/texmf-dist/tex/latex/l3packages/l3keys2e/l3keys2e.sty
Package: l3keys2e 2021-03-12 LaTeX2e option processing using LaTeX3 keys
)
(/usr/local/texlive/2021/texmf-dist/tex/latex/l3packages/xtemplate/xtemplate.st
y
Package: xtemplate 2021-03-12 L3 Experimental prototype document functions
\l__xtemplate_tmp_dim=\dimen162
\l__xtemplate_tmp_int=\count198
\l__xtemplate_tmp_muskip=\muskip16
\l__xtemplate_tmp_skip=\skip53
) (/usr/local/texlive/2021/texmf-dist/tex/latex/l3packages/xparse/xparse.sty
(/usr/local/texlive/2021/texmf-dist/tex/latex/l3packages/xparse/xparse-2020-10-
01.sty
(/usr/local/texlive/2021/texmf-dist/tex/latex/l3packages/xparse/xparse-generic.
tex)))
\l__xeCJK_tmp_int=\count199
\l__xeCJK_tmp_box=\box48
\l__xeCJK_tmp_dim=\dimen163
\l__xeCJK_tmp_skip=\skip54
(/usr/local/texlive/2021/texmf-dist/tex/latex/ctex/ctexhook.sty
Package: ctexhook 2021/03/14 v2.5.6 Document and package hooks (CTEX)
)
\g__xeCJK_space_factor_int=\count266
\l__xeCJK_begin_int=\count267
\l__xeCJK_end_int=\count268
\c__xeCJK_CJK_class_int=\XeTeXcharclass1
\c__xeCJK_FullLeft_class_int=\XeTeXcharclass2
\c__xeCJK_FullRight_class_int=\XeTeXcharclass3
\c__xeCJK_HalfLeft_class_int=\XeTeXcharclass4
\c__xeCJK_HalfRight_class_int=\XeTeXcharclass5
\c__xeCJK_NormalSpace_class_int=\XeTeXcharclass6
\c__xeCJK_CM_class_int=\XeTeXcharclass7
\c__xeCJK_HangulJamo_class_int=\XeTeXcharclass8
\l__xeCJK_last_skip=\skip55
\g__xeCJK_node_int=\count269
\c__xeCJK_CJK_node_dim=\dimen164
\c__xeCJK_CJK-space_node_dim=\dimen165
\c__xeCJK_default_node_dim=\dimen166
\c__xeCJK_default-space_node_dim=\dimen167
\c__xeCJK_CJK-widow_node_dim=\dimen168
\c__xeCJK_normalspace_node_dim=\dimen169
\l__xeCJK_ccglue_skip=\skip56
\l__xeCJK_ecglue_skip=\skip57
\l__xeCJK_punct_kern_skip=\skip58
\l__xeCJK_last_penalty_int=\count270
\l__xeCJK_last_bound_dim=\dimen170
\l__xeCJK_last_kern_dim=\dimen171
\l__xeCJK_widow_penalty_int=\count271

Package xtemplate Info: Declaring object type 'xeCJK/punctuation' taking 0
(xtemplate)             argument(s) on line 2341.

\l__xeCJK_fixed_punct_width_dim=\dimen172
\l__xeCJK_mixed_punct_width_dim=\dimen173
\l__xeCJK_middle_punct_width_dim=\dimen174
\l__xeCJK_fixed_margin_width_dim=\dimen175
\l__xeCJK_mixed_margin_width_dim=\dimen176
\l__xeCJK_middle_margin_width_dim=\dimen177
\l__xeCJK_bound_punct_width_dim=\dimen178
\l__xeCJK_bound_margin_width_dim=\dimen179
\l__xeCJK_margin_minimum_dim=\dimen180
\l__xeCJK_kerning_total_width_dim=\dimen181
\l__xeCJK_same_align_margin_dim=\dimen182
\l__xeCJK_different_align_margin_dim=\dimen183
\l__xeCJK_kerning_margin_width_dim=\dimen184
\l__xeCJK_kerning_margin_minimum_dim=\dimen185
\l__xeCJK_bound_dim=\dimen186
\l__xeCJK_reverse_bound_dim=\dimen187
\l__xeCJK_margin_dim=\dimen188
\l__xeCJK_minimum_bound_dim=\dimen189
\l__xeCJK_kerning_margin_dim=\dimen190
\g__xeCJK_family_int=\count272
\l__xeCJK_fam_int=\count273
\g__xeCJK_fam_allocation_int=\count274
\l__xeCJK_verb_case_int=\count275
\l__xeCJK_verb_exspace_skip=\skip59
(/usr/local/texlive/2021/texmf-dist/tex/latex/fontspec/fontspec.sty
Package: fontspec 2020/02/21 v2.7i Font selection for XeLaTeX and LuaLaTeX
(/usr/local/texlive/2021/texmf-dist/tex/latex/fontspec/fontspec-xetex.sty
Package: fontspec-xetex 2020/02/21 v2.7i Font selection for XeLaTeX and LuaLaTe
X
\l__fontspec_script_int=\count276
\l__fontspec_language_int=\count277
\l__fontspec_strnum_int=\count278
\l__fontspec_tmp_int=\count279
\l__fontspec_tmpa_int=\count280
\l__fontspec_tmpb_int=\count281
\l__fontspec_tmpc_int=\count282
\l__fontspec_em_int=\count283
\l__fontspec_emdef_int=\count284
\l__fontspec_strong_int=\count285
\l__fontspec_strongdef_int=\count286
\l__fontspec_tmpa_dim=\dimen191
\l__fontspec_tmpb_dim=\dimen192
\l__fontspec_tmpc_dim=\dimen193
(/usr/local/texlive/2021/texmf-dist/tex/latex/base/fontenc.sty
Package: fontenc 2020/08/10 v2.0s Standard LaTeX package
) (/usr/local/texlive/2021/texmf-dist/tex/latex/fontspec/fontspec.cfg))) (/usr/
local/texlive/2021/texmf-dist/tex/xelatex/xecjk/xeCJK.cfg
File: xeCJK.cfg 2020/10/19 v3.8.6 Configuration file for xeCJK package
))
\l__zxjt_tmpa_dim=\dimen194
\g__zxjt_tmpa_box=\box49
\l__zxjt_leftglue_skip=\skip60
)

Package fontspec Info: Font family 'HaranoAjiMincho-Regular.otf(0)' created
(fontspec)             for font 'HaranoAjiMincho-Regular.otf' with options
(fontspec)             [Script={CJK},Scale={0.924715},BoldFont={HaranoAjiGothic
-Medium.otf}].
(fontspec)              
(fontspec)              This font family consists of the following NFSS
(fontspec)             series/shapes:
(fontspec)              
(fontspec)             - 'normal' (m/n) with NFSS spec.:
(fontspec)             <->s*[0.924715]"[HaranoAjiMincho-Regular.otf]/OT:script=
hani;language=dflt;"
(fontspec)             - 'small caps'  (m/sc) with NFSS spec.: 
(fontspec)             - 'bold' (b/n) with NFSS spec.:
(fontspec)             <->s*[0.924715]"[HaranoAjiGothic-Medium.otf]/OT:script=h
ani;language=dflt;"
(fontspec)             - 'bold small caps'  (b/sc) with NFSS spec.: 

\jsKanjiSkip=\skip61
\jsXKanjiSkip=\skip62
)) (/usr/local/texlive/2021/texmf-dist/tex/latex/amsmath/amsmath.sty
Package: amsmath 2020/09/23 v2.17i AMS math features
\@mathmargin=\skip63
For additional information on amsmath, use the `?' option.
(/usr/local/texlive/2021/texmf-dist/tex/latex/amsmath/amstext.sty
Package: amstext 2000/06/29 v2.01 AMS text
(/usr/local/texlive/2021/texmf-dist/tex/latex/amsmath/amsgen.sty
File: amsgen.sty 1999/11/30 v2.0 generic functions
\@emptytoks=\toks18
\ex@=\dimen195
)) (/usr/local/texlive/2021/texmf-dist/tex/latex/amsmath/amsbsy.sty
Package: amsbsy 1999/11/29 v1.2d Bold Symbols
\pmbraise@=\dimen196
) (/usr/local/texlive/2021/texmf-dist/tex/latex/amsmath/amsopn.sty
Package: amsopn 2016/03/08 v2.02 operator names
)
\inf@bad=\count287
LaTeX Info: Redefining \frac on input line 234.
\uproot@=\count288
\leftroot@=\count289
LaTeX Info: Redefining \overline on input line 399.
\classnum@=\count290
\DOTSCASE@=\count291
LaTeX Info: Redefining \ldots on input line 496.
LaTeX Info: Redefining \dots on input line 499.
LaTeX Info: Redefining \cdots on input line 620.
\Mathstrutbox@=\box50
\strutbox@=\box51
\big@size=\dimen197
LaTeX Font Info:    Redeclaring font encoding OML on input line 743.
LaTeX Font Info:    Redeclaring font encoding OMS on input line 744.
\macc@depth=\count292
\c@MaxMatrixCols=\count293
\dotsspace@=\muskip17
\c@parentequation=\count294
\dspbrk@lvl=\count295
\tag@help=\toks19
\row@=\count296
\column@=\count297
\maxfields@=\count298
\andhelp@=\toks20
\eqnshift@=\dimen198
\alignsep@=\dimen199
\tagshift@=\dimen256
\tagwidth@=\dimen257
\totwidth@=\dimen258
\lineht@=\dimen259
\@envbody=\toks21
\multlinegap=\skip64
\multlinetaggap=\skip65
\mathdisplay@stack=\toks22
LaTeX Info: Redefining \[ on input line 2923.
LaTeX Info: Redefining \] on input line 2924.
) (/usr/local/texlive/2021/texmf-dist/tex/latex/amsfonts/amssymb.sty
Package: amssymb 2013/01/14 v3.01 AMS font symbols
(/usr/local/texlive/2021/texmf-dist/tex/latex/amsfonts/amsfonts.sty
Package: amsfonts 2013/01/14 v3.01 Basic AMSFonts support
\symAMSa=\mathgroup4
\symAMSb=\mathgroup5
LaTeX Font Info:    Redeclaring math symbol \hbar on input line 98.
LaTeX Font Info:    Overwriting math alphabet `\mathfrak' in version `bold'
(Font)                  U/euf/m/n --> U/euf/b/n on input line 106.
)) (/usr/local/texlive/2021/texmf-dist/tex/latex/unicode-math/unicode-math.sty
Package: unicode-math 2020/01/31 v0.8q Unicode maths in XeLaTeX and LuaLaTeX

(/usr/local/texlive/2021/texmf-dist/tex/latex/unicode-math/unicode-math-xetex.s
ty
Package: unicode-math-xetex 2020/01/31 v0.8q Unicode maths in XeLaTeX and LuaLa
TeX
(/usr/local/texlive/2021/texmf-dist/tex/latex/base/fix-cm.sty
Package: fix-cm 2015/01/14 v1.1t fixes to LaTeX
(/usr/local/texlive/2021/texmf-dist/tex/latex/base/ts1enc.def
File: ts1enc.def 2001/06/05 v3.0e (jk/car/fm) Standard LaTeX file
LaTeX Font Info:    Redeclaring font encoding TS1 on input line 47.
))
\g__um_fam_int=\count299
\g__um_fonts_used_int=\count300
\l__um_primecount_int=\count301
\g__um_primekern_muskip=\muskip18

(/usr/local/texlive/2021/texmf-dist/tex/latex/unicode-math/unicode-math-table.t
ex))) (/usr/local/texlive/2021/texmf-dist/tex/latex/lm/lmodern.sty
Package: lmodern 2015/05/01 v1.6.1 Latin Modern Fonts
LaTeX Font Info:    Overwriting symbol font `operators' in version `normal'
(Font)                  OT1/cmr/m/n --> OT1/lmr/m/n on input line 22.
LaTeX Font Info:    Overwriting symbol font `letters' in version `normal'
(Font)                  OML/cmm/m/it --> OML/lmm/m/it on input line 23.
LaTeX Font Info:    Overwriting symbol font `symbols' in version `normal'
(Font)                  OMS/cmsy/m/n --> OMS/lmsy/m/n on input line 24.
LaTeX Font Info:    Overwriting symbol font `largesymbols' in version `normal'
(Font)                  OMX/cmex/m/n --> OMX/lmex/m/n on input line 25.
LaTeX Font Info:    Overwriting symbol font `operators' in version `bold'
(Font)                  OT1/cmr/bx/n --> OT1/lmr/bx/n on input line 26.
LaTeX Font Info:    Overwriting symbol font `letters' in version `bold'
(Font)                  OML/cmm/b/it --> OML/lmm/b/it on input line 27.
LaTeX Font Info:    Overwriting symbol font `symbols' in version `bold'
(Font)                  OMS/cmsy/b/n --> OMS/lmsy/b/n on input line 28.
LaTeX Font Info:    Overwriting symbol font `largesymbols' in version `bold'
(Font)                  OMX/cmex/m/n --> OMX/lmex/m/n on input line 29.
LaTeX Font Info:    Overwriting math alphabet `\mathbf' in version `normal'
(Font)                  OT1/cmr/bx/n --> OT1/lmr/bx/n on input line 31.
LaTeX Font Info:    Overwriting math alphabet `\mathsf' in version `normal'
(Font)                  OT1/cmss/m/n --> OT1/lmss/m/n on input line 32.
LaTeX Font Info:    Overwriting math alphabet `\mathit' in version `normal'
(Font)                  OT1/cmr/m/it --> OT1/lmr/m/it on input line 33.
LaTeX Font Info:    Overwriting math alphabet `\mathtt' in version `normal'
(Font)                  OT1/cmtt/m/n --> OT1/lmtt/m/n on input line 34.
LaTeX Font Info:    Overwriting math alphabet `\mathbf' in version `bold'
(Font)                  OT1/cmr/bx/n --> OT1/lmr/bx/n on input line 35.
LaTeX Font Info:    Overwriting math alphabet `\mathsf' in version `bold'
(Font)                  OT1/cmss/bx/n --> OT1/lmss/bx/n on input line 36.
LaTeX Font Info:    Overwriting math alphabet `\mathit' in version `bold'
(Font)                  OT1/cmr/bx/it --> OT1/lmr/bx/it on input line 37.
LaTeX Font Info:    Overwriting math alphabet `\mathtt' in version `bold'
(Font)                  OT1/cmtt/m/n --> OT1/lmtt/m/n on input line 38.
) (/usr/local/texlive/2021/texmf-dist/tex/latex/upquote/upquote.sty
Package: upquote 2012/04/19 v1.3 upright-quote and grave-accent glyphs in verba
tim
(/usr/local/texlive/2021/texmf-dist/tex/latex/base/textcomp.sty
Package: textcomp 2020/02/02 v2.0n Standard LaTeX package
)) (/usr/local/texlive/2021/texmf-dist/tex/latex/microtype/microtype.sty
Package: microtype 2021/03/14 v2.8c Micro-typographical refinements (RS)
\MT@toks=\toks23
\MT@count=\count302
LaTeX Info: Redefining \textls on input line 790.
\MT@outer@kern=\dimen260
LaTeX Info: Redefining \textmicrotypecontext on input line 1374.
\MT@listname@count=\count303
(/usr/local/texlive/2021/texmf-dist/tex/latex/microtype/microtype-xetex.def
File: microtype-xetex.def 2021/03/14 v2.8c Definitions specific to xetex (RS)
LaTeX Info: Redefining \lsstyle on input line 254.
)
Package microtype Info: Loading configuration file microtype.cfg.
(/usr/local/texlive/2021/texmf-dist/tex/latex/microtype/microtype.cfg
File: microtype.cfg 2021/03/14 v2.8c microtype main configuration file (RS)
)) (/usr/local/texlive/2021/texmf-dist/tex/latex/parskip/parskip.sty
Package: parskip 2021-03-14 v2.0h non-zero parskip adjustments
(/usr/local/texlive/2021/texmf-dist/tex/latex/kvoptions/kvoptions.sty
Package: kvoptions 2020-10-07 v3.14 Key value format for package options (HO)
(/usr/local/texlive/2021/texmf-dist/tex/generic/ltxcmds/ltxcmds.sty
Package: ltxcmds 2020-05-10 v1.25 LaTeX kernel commands for general use (HO)
) (/usr/local/texlive/2021/texmf-dist/tex/generic/kvsetkeys/kvsetkeys.sty
Package: kvsetkeys 2019/12/15 v1.18 Key value parser (HO)
)) (/usr/local/texlive/2021/texmf-dist/tex/latex/etoolbox/etoolbox.sty
Package: etoolbox 2020/10/05 v2.5k e-TeX tools for LaTeX (JAW)
\etb@tempcnta=\count304
)
Couldn't patch \@startsection
) (/usr/local/texlive/2021/texmf-dist/tex/latex/xcolor/xcolor.sty
Package: xcolor 2016/05/11 v2.12 LaTeX color extensions (UK)
(/usr/local/texlive/2021/texmf-dist/tex/latex/graphics-cfg/color.cfg
File: color.cfg 2016/01/02 v1.6 sample color configuration
)
Package xcolor Info: Driver file: xetex.def on input line 225.
(/usr/local/texlive/2021/texmf-dist/tex/latex/graphics-def/xetex.def
File: xetex.def 2021/03/18 v5.0k Graphics/color driver for xetex
)
Package xcolor Info: Model `cmy' substituted by `cmy0' on input line 1348.
Package xcolor Info: Model `RGB' extended on input line 1364.
Package xcolor Info: Model `HTML' substituted by `rgb' on input line 1366.
Package xcolor Info: Model `Hsb' substituted by `hsb' on input line 1367.
Package xcolor Info: Model `tHsb' substituted by `hsb' on input line 1368.
Package xcolor Info: Model `HSB' substituted by `hsb' on input line 1369.
Package xcolor Info: Model `Gray' substituted by `gray' on input line 1370.
Package xcolor Info: Model `wave' substituted by `hsb' on input line 1371.
) (/usr/local/texlive/2021/texmf-dist/tex/latex/fancyvrb/fancyvrb.sty
Package: fancyvrb 2021/01/20 v3.7 verbatim text (tvz,hv)
\FV@CodeLineNo=\count305
\FV@InFile=\read2
\FV@TabBox=\box52
\c@FancyVerbLine=\count306
\FV@StepNumber=\count307
\FV@OutFile=\write3
) (/usr/local/texlive/2021/texmf-dist/tex/latex/framed/framed.sty
Package: framed 2011/10/22 v 0.96: framed or shaded text with page breaks
\OuterFrameSep=\skip66
\fb@frw=\dimen261
\fb@frh=\dimen262
\FrameRule=\dimen263
\FrameSep=\dimen264
) (/usr/local/texlive/2021/texmf-dist/tex/latex/tools/longtable.sty
Package: longtable 2020/01/07 v4.13 Multi-page Table package (DPC)
\LTleft=\skip67
\LTright=\skip68
\LTpre=\skip69
\LTpost=\skip70
\LTchunksize=\count308
\LTcapwidth=\dimen265
\LT@head=\box53
\LT@firsthead=\box54
\LT@foot=\box55
\LT@lastfoot=\box56
\LT@cols=\count309
\LT@rows=\count310
\c@LT@tables=\count311
\c@LT@chunks=\count312
\LT@p@ftn=\toks24
) (/usr/local/texlive/2021/texmf-dist/tex/latex/booktabs/booktabs.sty
Package: booktabs 2020/01/12 v1.61803398 Publication quality tables
\heavyrulewidth=\dimen266
\lightrulewidth=\dimen267
\cmidrulewidth=\dimen268
\belowrulesep=\dimen269
\belowbottomsep=\dimen270
\aboverulesep=\dimen271
\abovetopsep=\dimen272
\cmidrulesep=\dimen273
\cmidrulekern=\dimen274
\defaultaddspace=\dimen275
\@cmidla=\count313
\@cmidlb=\count314
\@aboverulesep=\dimen276
\@belowrulesep=\dimen277
\@thisruleclass=\count315
\@lastruleclass=\count316
\@thisrulewidth=\dimen278
) (/usr/local/texlive/2021/texmf-dist/tex/latex/tools/array.sty
Package: array 2020/10/01 v2.5c Tabular extension package (FMi)
\col@sep=\dimen279
\ar@mcellbox=\box57
\extrarowheight=\dimen280
\NC@list=\toks25
\extratabsurround=\skip71
\backup@length=\skip72
\ar@cellbox=\box58
) (/usr/local/texlive/2021/texmf-dist/tex/latex/footnotehyper/footnotehyper.sty
Package: footnotehyper 2021/02/04 v1.1d hyperref aware footnote.sty (JFB)
\FNH@notes=\box59
\FNH@width=\dimen281
\FNH@toks=\toks26
) (/usr/local/texlive/2021/texmf-dist/tex/latex/graphics/graphicx.sty
Package: graphicx 2020/09/09 v1.2b Enhanced LaTeX Graphics (DPC,SPQR)
(/usr/local/texlive/2021/texmf-dist/tex/latex/graphics/graphics.sty
Package: graphics 2020/08/30 v1.4c Standard LaTeX Graphics (DPC,SPQR)
(/usr/local/texlive/2021/texmf-dist/tex/latex/graphics/trig.sty
Package: trig 2016/01/03 v1.10 sin cos tan (DPC)
) (/usr/local/texlive/2021/texmf-dist/tex/latex/graphics-cfg/graphics.cfg
File: graphics.cfg 2016/06/04 v1.11 sample graphics configuration
)
Package graphics Info: Driver file: xetex.def on input line 105.
)
\Gin@req@height=\dimen282
\Gin@req@width=\dimen283
) (/usr/local/texlive/2021/texmf-dist/tex/latex/natbib/natbib.sty
Package: natbib 2010/09/13 8.31b (PWD, AO)
\bibhang=\skip73
\bibsep=\skip74
LaTeX Info: Redefining \cite on input line 694.
\c@NAT@ctr=\count317
) (/usr/local/texlive/2021/texmf-dist/tex/latex/bookmark/bookmark.sty
Package: bookmark 2020-11-06 v1.29 PDF bookmarks (HO)
(/usr/local/texlive/2021/texmf-dist/tex/latex/hyperref/hyperref.sty
Package: hyperref 2021-02-27 v7.00k Hypertext links for LaTeX
(/usr/local/texlive/2021/texmf-dist/tex/generic/pdftexcmds/pdftexcmds.sty
Package: pdftexcmds 2020-06-27 v0.33 Utility functions of pdfTeX for LuaTeX (HO
)
(/usr/local/texlive/2021/texmf-dist/tex/generic/infwarerr/infwarerr.sty
Package: infwarerr 2019/12/03 v1.5 Providing info/warning/error messages (HO)
)
Package pdftexcmds Info: \pdf@primitive is available.
Package pdftexcmds Info: \pdf@ifprimitive is available.
Package pdftexcmds Info: \pdfdraftmode not found.
) (/usr/local/texlive/2021/texmf-dist/tex/generic/kvdefinekeys/kvdefinekeys.sty
Package: kvdefinekeys 2019-12-19 v1.6 Define keys (HO)
) (/usr/local/texlive/2021/texmf-dist/tex/generic/pdfescape/pdfescape.sty
Package: pdfescape 2019/12/09 v1.15 Implements pdfTeX's escape features (HO)
) (/usr/local/texlive/2021/texmf-dist/tex/latex/hycolor/hycolor.sty
Package: hycolor 2020-01-27 v1.10 Color options for hyperref/bookmark (HO)
) (/usr/local/texlive/2021/texmf-dist/tex/latex/letltxmacro/letltxmacro.sty
Package: letltxmacro 2019/12/03 v1.6 Let assignment for LaTeX macros (HO)
) (/usr/local/texlive/2021/texmf-dist/tex/latex/auxhook/auxhook.sty
Package: auxhook 2019-12-17 v1.6 Hooks for auxiliary files (HO)
)
\@linkdim=\dimen284
\Hy@linkcounter=\count318
\Hy@pagecounter=\count319
(/usr/local/texlive/2021/texmf-dist/tex/latex/hyperref/pd1enc.def
File: pd1enc.def 2021-02-27 v7.00k Hyperref: PDFDocEncoding definition (HO)
)
(/usr/local/texlive/2021/texmf-dist/tex/latex/hyperref/hyperref-langpatches.def
File: hyperref-langpatches.def 2021-02-27 v7.00k Hyperref: patches for babel la
nguages
) (/usr/local/texlive/2021/texmf-dist/tex/generic/intcalc/intcalc.sty
Package: intcalc 2019/12/15 v1.3 Expandable calculations with integers (HO)
) (/usr/local/texlive/2021/texmf-dist/tex/generic/etexcmds/etexcmds.sty
Package: etexcmds 2019/12/15 v1.7 Avoid name clashes with e-TeX commands (HO)
)
\Hy@SavedSpaceFactor=\count320
(/usr/local/texlive/2021/texmf-dist/tex/latex/hyperref/puenc.def
File: puenc.def 2021-02-27 v7.00k Hyperref: PDF Unicode definition (HO)
)
Package hyperref Info: Option `unicode' set `true' on input line 4073.
Package hyperref Info: Option `setpagesize' set `false' on input line 4073.
Package hyperref Info: Option `unicode' set `true' on input line 4073.
Package hyperref Info: Hyper figures OFF on input line 4192.
Package hyperref Info: Link nesting OFF on input line 4197.
Package hyperref Info: Hyper index ON on input line 4200.
Package hyperref Info: Plain pages OFF on input line 4207.
Package hyperref Info: Backreferencing OFF on input line 4212.
Package hyperref Info: Implicit mode ON; LaTeX internals redefined.
Package hyperref Info: Bookmarks ON on input line 4445.
\c@Hy@tempcnt=\count321
(/usr/local/texlive/2021/texmf-dist/tex/latex/url/url.sty
\Urlmuskip=\muskip19
Package: url 2013/09/16  ver 3.4  Verb mode for urls, etc.
)
LaTeX Info: Redefining \url on input line 4804.
\XeTeXLinkMargin=\dimen285
(/usr/local/texlive/2021/texmf-dist/tex/generic/bitset/bitset.sty
Package: bitset 2019/12/09 v1.3 Handle bit-vector datatype (HO)
(/usr/local/texlive/2021/texmf-dist/tex/generic/bigintcalc/bigintcalc.sty
Package: bigintcalc 2019/12/15 v1.5 Expandable calculations on big integers (HO
)
))
\Fld@menulength=\count322
\Field@Width=\dimen286
\Fld@charsize=\dimen287
Package hyperref Info: Hyper figures OFF on input line 6075.
Package hyperref Info: Link nesting OFF on input line 6080.
Package hyperref Info: Hyper index ON on input line 6083.
Package hyperref Info: backreferencing OFF on input line 6090.
Package hyperref Info: Link coloring OFF on input line 6095.
Package hyperref Info: Link coloring with OCG OFF on input line 6100.
Package hyperref Info: PDF/A mode OFF on input line 6105.
LaTeX Info: Redefining \ref on input line 6145.
LaTeX Info: Redefining \pageref on input line 6149.
(/usr/local/texlive/2021/texmf-dist/tex/latex/base/atbegshi-ltx.sty
Package: atbegshi-ltx 2020/08/17 v1.0a Emulation of the original atbegshi packa
ge
with kernel methods
)
\Hy@abspage=\count323
\c@Item=\count324
\c@Hfootnote=\count325
)
Package hyperref Info: Driver (autodetected): hxetex.
(/usr/local/texlive/2021/texmf-dist/tex/latex/hyperref/hxetex.def
File: hxetex.def 2021-02-27 v7.00k Hyperref driver for XeTeX
(/usr/local/texlive/2021/texmf-dist/tex/generic/stringenc/stringenc.sty
Package: stringenc 2019/11/29 v1.12 Convert strings between diff. encodings (HO
)
)
\pdfm@box=\box60
\c@Hy@AnnotLevel=\count326
\HyField@AnnotCount=\count327
\Fld@listcount=\count328
\c@bookmark@seq@number=\count329

(/usr/local/texlive/2021/texmf-dist/tex/latex/rerunfilecheck/rerunfilecheck.sty
Package: rerunfilecheck 2019/12/05 v1.9 Rerun checks for auxiliary files (HO)
(/usr/local/texlive/2021/texmf-dist/tex/latex/base/atveryend-ltx.sty
Package: atveryend-ltx 2020/08/19 v1.0a Emulation of the original atvery packag
e
with kernel methods
)
(/usr/local/texlive/2021/texmf-dist/tex/generic/uniquecounter/uniquecounter.sty
Package: uniquecounter 2019/12/15 v1.4 Provide unlimited unique counter (HO)
)
Package uniquecounter Info: New unique counter `rerunfilecheck' on input line 2
86.
)
\Hy@SectionHShift=\skip75
) (/usr/local/texlive/2021/texmf-dist/tex/latex/bookmark/bkm-dvipdfm.def
File: bkm-dvipdfm.def 2020-11-06 v1.29 bookmark driver for dvipdfm (HO)
\BKM@id=\count330
)) (/usr/local/texlive/2021/texmf-dist/tex/latex/xurl/xurl.sty
Package: xurl 2020/12/30 v 0.09a modify URL breaks
) (/usr/local/texlive/2021/texmf-dist/tex/latex/amscls/amsthm.sty
Package: amsthm 2020/05/29 v2.20.6
\thm@style=\toks27
\thm@bodyfont=\toks28
\thm@headfont=\toks29
\thm@notefont=\toks30
\thm@headpunct=\toks31
\thm@preskip=\skip76
\thm@postskip=\skip77
\thm@headsep=\skip78
\dth@everypar=\toks32
)
\c@theorem=\count331
\c@lemma=\count332
\c@corollary=\count333
\c@proposition=\count334
\c@conjecture=\count335
\c@definition=\count336
\c@example=\count337
\c@exercise=\count338
\c@hypothesis=\count339
No file ds4aj.aux.
\openout1 = `ds4aj.aux'.

LaTeX Font Info:    Checking defaults for OML/cmm/m/it on input line 172.
LaTeX Font Info:    ... okay on input line 172.
LaTeX Font Info:    Checking defaults for OMS/cmsy/m/n on input line 172.
LaTeX Font Info:    ... okay on input line 172.
LaTeX Font Info:    Checking defaults for OT1/cmr/m/n on input line 172.
LaTeX Font Info:    ... okay on input line 172.
LaTeX Font Info:    Checking defaults for T1/cmr/m/n on input line 172.
LaTeX Font Info:    ... okay on input line 172.
LaTeX Font Info:    Checking defaults for TS1/cmr/m/n on input line 172.
LaTeX Font Info:    ... okay on input line 172.
LaTeX Font Info:    Checking defaults for TU/lmr/m/n on input line 172.
LaTeX Font Info:    ... okay on input line 172.
LaTeX Font Info:    Checking defaults for OMX/cmex/m/n on input line 172.
LaTeX Font Info:    ... okay on input line 172.
LaTeX Font Info:    Checking defaults for U/cmr/m/n on input line 172.
LaTeX Font Info:    ... okay on input line 172.
LaTeX Font Info:    Checking defaults for PD1/pdf/m/n on input line 172.
LaTeX Font Info:    ... okay on input line 172.
LaTeX Font Info:    Checking defaults for PU/pdf/m/n on input line 172.
LaTeX Font Info:    ... okay on input line 172.
*geometry* driver: auto-detecting
*geometry* detected driver: xetex
*geometry* verbose mode - [ preamble ] result:
* driver: xetex
* paper: a4paper
* layout: <same size as paper>
* layoutoffset:(h,v)=(0.0pt,0.0pt)
* vratio: 1:1
* modes: includehead includefoot twoside truedimen 
* h-part:(L,W,R)=(51.21469pt, 495.07849pt, 51.21469pt)
* v-part:(T,H,B)=(71.8282pt, 701.39043pt, 71.82822pt)
* \paperwidth=597.50787pt
* \paperheight=845.04684pt
* \textwidth=369.88525pt
* \textheight=666.0pt
* \oddsidemargin=-18.56503pt
* \evensidemargin=101.64767pt
* \topmargin=-6.28236pt
* \headheight=20.0pt
* \headsep=17.07156pt
* \topskip=10.0pt
* \footskip=0.0pt
* \marginparwidth=120.2127pt
* \marginparsep=18.49426pt
* \columnsep=18.49426pt
* \skip\footins=16.0pt plus 5.0pt minus 2.0pt
* \hoffset=0.0pt
* \voffset=0.0pt
* \mag=1000
* \@twocolumnfalse
* \@twosidetrue
* \@mparswitchtrue
* \@reversemarginfalse
* (1in=72.27pt=25.4mm, 1cm=28.453pt)

LaTeX Font Info:    Font shape `TU/HaranoAjiMincho-Regular.otf(0)/m/n' will be
(Font)              scaled to size 9.24713pt on input line 172.

Package fontspec Info: HaranoAjiGothic-Medium scale = 0.7937346499485756.


Package fontspec Info: HaranoAjiGothic-Medium scale = 0.7937346499485756.


Package fontspec Info: HaranoAjiGothic-Medium scale = 0.7937346499485756.


Package fontspec Info: Font family 'HaranoAjiGothic-Medium.otf(0)' created for
(fontspec)             font 'HaranoAjiGothic-Medium.otf' with options
(fontspec)             [Scale=MatchLowercase,Script={CJK},Scale={0.924715},Bold
Font={HaranoAjiGothic-Medium.otf}].
(fontspec)              
(fontspec)              This font family consists of the following NFSS
(fontspec)             series/shapes:
(fontspec)              
(fontspec)             - 'normal' (m/n) with NFSS spec.:
(fontspec)             <->s*[0.924715]"[HaranoAjiGothic-Medium.otf]/OT:script=h
ani;language=dflt;"
(fontspec)             - 'small caps'  (m/sc) with NFSS spec.: 
(fontspec)             - 'bold' (b/n) with NFSS spec.:
(fontspec)             <->s*[0.924715]"[HaranoAjiGothic-Medium.otf]/OT:script=h
ani;language=dflt;"
(fontspec)             - 'bold small caps'  (b/sc) with NFSS spec.: 

LaTeX Font Info:    Font shape `TU/HaranoAjiGothic-Medium.otf(0)/m/n' will be
(Font)              scaled to size 9.24713pt on input line 172.
LaTeX Font Info:    Overwriting math alphabet `\mathrm' in version `normal'
(Font)                  OT1/lmr/m/n --> TU/lmr/m/n on input line 172.
LaTeX Font Info:    Overwriting math alphabet `\mathit' in version `normal'
(Font)                  OT1/lmr/m/it --> TU/lmr/m/it on input line 172.
LaTeX Font Info:    Overwriting math alphabet `\mathbf' in version `normal'
(Font)                  OT1/lmr/bx/n --> TU/lmr/bx/n on input line 172.
LaTeX Font Info:    Overwriting math alphabet `\mathsf' in version `normal'
(Font)                  OT1/lmss/m/n --> TU/lmss/m/n on input line 172.
LaTeX Font Info:    Overwriting math alphabet `\mathsf' in version `bold'
(Font)                  OT1/lmss/bx/n --> TU/lmss/bx/n on input line 172.
LaTeX Font Info:    Overwriting math alphabet `\mathtt' in version `normal'
(Font)                  OT1/lmtt/m/n --> TU/lmtt/m/n on input line 172.
LaTeX Font Info:    Overwriting math alphabet `\mathtt' in version `bold'
(Font)                  OT1/lmtt/m/n --> TU/lmtt/bx/n on input line 172.

Package fontspec Info: latinmodern-math scale = 0.9999964596882403.


Package fontspec Info: latinmodern-math scale = 0.9999964596882403.


Package fontspec Info: latinmodern-math scale = 0.9999964596882403.


Package fontspec Info: Font family 'latinmodern-math.otf(0)' created for font
(fontspec)             'latinmodern-math.otf' with options
(fontspec)             [Scale=MatchLowercase,BoldItalicFont={},ItalicFont={},Sm
allCapsFont={},Script=Math,BoldFont={latinmodern-math.otf}].
(fontspec)              
(fontspec)              This font family consists of the following NFSS
(fontspec)             series/shapes:
(fontspec)              
(fontspec)             - 'normal' (m/n) with NFSS spec.:
(fontspec)             <->s*[0.9999964596882403]"[latinmodern-math.otf]/OT:scri
pt=math;language=dflt;"
(fontspec)             - 'small caps'  (m/sc) with NFSS spec.: 
(fontspec)             - 'bold' (b/n) with NFSS spec.:
(fontspec)             <->s*[0.9999964596882403]"[latinmodern-math.otf]/OT:scri
pt=math;language=dflt;"
(fontspec)             - 'bold small caps'  (b/sc) with NFSS spec.: 

LaTeX Font Info:    Font shape `TU/latinmodern-math.otf(0)/m/n' will be
(Font)              scaled to size 10.0pt on input line 172.

Package fontspec Info: latinmodern-math scale = 0.9999964596882403.


Package fontspec Info: latinmodern-math scale = 0.9999964596882403.


Package fontspec Info: latinmodern-math scale = 0.9999964596882403.


Package fontspec Info: latinmodern-math scale = 0.9999964596882403.


Package fontspec Info: latinmodern-math scale = 0.9999964596882403.


Package fontspec Info: Font family 'latinmodern-math.otf(1)' created for font
(fontspec)             'latinmodern-math.otf' with options
(fontspec)             [Scale=MatchLowercase,BoldItalicFont={},ItalicFont={},Sm
allCapsFont={},Script=Math,SizeFeatures={{Size=8.5-},{Size=6-8.5,Font=latinmode
rn-math.otf,Style=MathScript},{Size=-6,Font=latinmodern-math.otf,Style=MathScri
ptScript}},BoldFont={latinmodern-math.otf}].
(fontspec)              
(fontspec)              This font family consists of the following NFSS
(fontspec)             series/shapes:
(fontspec)              
(fontspec)             - 'normal' (m/n) with NFSS spec.:
(fontspec)             <8.5->s*[0.9999964596882403]"[latinmodern-math.otf]/OT:s
cript=math;language=dflt;"<6-8.5>s*[0.9999964596882403]"[latinmodern-math.otf]/
OT:script=math;language=dflt;+ssty=0;"<-6>s*[0.9999964596882403]"[latinmodern-m
ath.otf]/OT:script=math;language=dflt;+ssty=1;"
(fontspec)             - 'small caps'  (m/sc) with NFSS spec.: 
(fontspec)             - 'bold' (b/n) with NFSS spec.:
(fontspec)             <->s*[0.9999964596882403]"[latinmodern-math.otf]/OT:scri
pt=math;language=dflt;"
(fontspec)             - 'bold small caps'  (b/sc) with NFSS spec.: 

LaTeX Font Info:    Font shape `TU/latinmodern-math.otf(1)/m/n' will be
(Font)              scaled to size 10.0pt on input line 172.
LaTeX Font Info:    Encoding `OT1' has changed to `TU' for symbol font
(Font)              `operators' in the math version `normal' on input line 172.

LaTeX Font Info:    Overwriting symbol font `operators' in version `normal'
(Font)                  OT1/lmr/m/n --> TU/latinmodern-math.otf(1)/m/n on input
 line 172.
LaTeX Font Info:    Encoding `OT1' has changed to `TU' for symbol font
(Font)              `operators' in the math version `bold' on input line 172.
LaTeX Font Info:    Overwriting symbol font `operators' in version `bold'
(Font)                  OT1/lmr/bx/n --> TU/latinmodern-math.otf(1)/b/n on inpu
t line 172.

Package fontspec Info: latinmodern-math scale = 0.9999964596882403.


Package fontspec Info: latinmodern-math scale = 1.000096459334209.


Package fontspec Info: latinmodern-math scale = 0.9999964596882403.


Package fontspec Info: latinmodern-math scale = 1.000096459334209.


Package fontspec Info: latinmodern-math scale = 0.9999964596882403.


Package fontspec Info: latinmodern-math scale = 1.000096459334209.


Package fontspec Info: latinmodern-math scale = 0.9999964596882403.


Package fontspec Info: latinmodern-math scale = 1.000096459334209.


Package fontspec Info: latinmodern-math scale = 0.9999964596882403.


Package fontspec Info: latinmodern-math scale = 1.000096459334209.


Package fontspec Info: Font family 'latinmodern-math.otf(2)' created for font
(fontspec)             'latinmodern-math.otf' with options
(fontspec)             [Scale=MatchLowercase,BoldItalicFont={},ItalicFont={},Sm
allCapsFont={},Script=Math,SizeFeatures={{Size=8.5-},{Size=6-8.5,Font=latinmode
rn-math.otf,Style=MathScript},{Size=-6,Font=latinmodern-math.otf,Style=MathScri
ptScript}},BoldFont={latinmodern-math.otf},ScaleAgain=1.0001,FontAdjustment={\f
ontdimen
(fontspec)             8\font =6.77pt\relax \fontdimen 9\font =3.94pt\relax
(fontspec)             \fontdimen 10\font =4.44pt\relax \fontdimen 11\font
(fontspec)             =6.86pt\relax \fontdimen 12\font =3.45pt\relax
(fontspec)             \fontdimen 13\font =3.63pt\relax \fontdimen 14\font
(fontspec)             =3.63pt\relax \fontdimen 15\font =2.89pt\relax
(fontspec)             \fontdimen 16\font =2.47pt\relax \fontdimen 17\font
(fontspec)             =2.47pt\relax \fontdimen 18\font =2.5pt\relax
(fontspec)             \fontdimen 19\font =2.0pt\relax \fontdimen 22\font
(fontspec)             =2.5pt\relax \fontdimen 20\font =0pt\relax \fontdimen
(fontspec)             21\font =0pt\relax }].
(fontspec)              
(fontspec)              This font family consists of the following NFSS
(fontspec)             series/shapes:
(fontspec)              
(fontspec)             - 'normal' (m/n) with NFSS spec.:
(fontspec)             <8.5->s*[1.000096459334209]"[latinmodern-math.otf]/OT:sc
ript=math;language=dflt;"<6-8.5>s*[1.000096459334209]"[latinmodern-math.otf]/OT
:script=math;language=dflt;+ssty=0;"<-6>s*[1.000096459334209]"[latinmodern-math
.otf]/OT:script=math;language=dflt;+ssty=1;"
(fontspec)             - 'small caps'  (m/sc) with NFSS spec.: 
(fontspec)             and font adjustment code:
(fontspec)             \fontdimen 8\font =6.77pt\relax \fontdimen 9\font
(fontspec)             =3.94pt\relax \fontdimen 10\font =4.44pt\relax
(fontspec)             \fontdimen 11\font =6.86pt\relax \fontdimen 12\font
(fontspec)             =3.45pt\relax \fontdimen 13\font =3.63pt\relax
(fontspec)             \fontdimen 14\font =3.63pt\relax \fontdimen 15\font
(fontspec)             =2.89pt\relax \fontdimen 16\font =2.47pt\relax
(fontspec)             \fontdimen 17\font =2.47pt\relax \fontdimen 18\font
(fontspec)             =2.5pt\relax \fontdimen 19\font =2.0pt\relax \fontdimen
(fontspec)             22\font =2.5pt\relax \fontdimen 20\font =0pt\relax
(fontspec)             \fontdimen 21\font =0pt\relax 
(fontspec)             - 'bold' (b/n) with NFSS spec.:
(fontspec)             <->s*[1.000096459334209]"[latinmodern-math.otf]/OT:scrip
t=math;language=dflt;"
(fontspec)             - 'bold small caps'  (b/sc) with NFSS spec.: 
(fontspec)             and font adjustment code:
(fontspec)             \fontdimen 8\font =6.77pt\relax \fontdimen 9\font
(fontspec)             =3.94pt\relax \fontdimen 10\font =4.44pt\relax
(fontspec)             \fontdimen 11\font =6.86pt\relax \fontdimen 12\font
(fontspec)             =3.45pt\relax \fontdimen 13\font =3.63pt\relax
(fontspec)             \fontdimen 14\font =3.63pt\relax \fontdimen 15\font
(fontspec)             =2.89pt\relax \fontdimen 16\font =2.47pt\relax
(fontspec)             \fontdimen 17\font =2.47pt\relax \fontdimen 18\font
(fontspec)             =2.5pt\relax \fontdimen 19\font =2.0pt\relax \fontdimen
(fontspec)             22\font =2.5pt\relax \fontdimen 20\font =0pt\relax
(fontspec)             \fontdimen 21\font =0pt\relax 

LaTeX Font Info:    Encoding `OMS' has changed to `TU' for symbol font
(Font)              `symbols' in the math version `normal' on input line 172.
LaTeX Font Info:    Overwriting symbol font `symbols' in version `normal'
(Font)                  OMS/lmsy/m/n --> TU/latinmodern-math.otf(2)/m/n on inpu
t line 172.
LaTeX Font Info:    Encoding `OMS' has changed to `TU' for symbol font
(Font)              `symbols' in the math version `bold' on input line 172.
LaTeX Font Info:    Overwriting symbol font `symbols' in version `bold'
(Font)                  OMS/lmsy/b/n --> TU/latinmodern-math.otf(2)/b/n on inpu
t line 172.

Package fontspec Info: latinmodern-math scale = 0.9999964596882403.


Package fontspec Info: latinmodern-math scale = 0.9998964600422715.


Package fontspec Info: latinmodern-math scale = 0.9999964596882403.


Package fontspec Info: latinmodern-math scale = 0.9998964600422715.


Package fontspec Info: latinmodern-math scale = 0.9999964596882403.


Package fontspec Info: latinmodern-math scale = 0.9998964600422715.


Package fontspec Info: latinmodern-math scale = 0.9999964596882403.


Package fontspec Info: latinmodern-math scale = 0.9998964600422715.


Package fontspec Info: latinmodern-math scale = 0.9999964596882403.


Package fontspec Info: latinmodern-math scale = 0.9998964600422715.


Package fontspec Info: Font family 'latinmodern-math.otf(3)' created for font
(fontspec)             'latinmodern-math.otf' with options
(fontspec)             [Scale=MatchLowercase,BoldItalicFont={},ItalicFont={},Sm
allCapsFont={},Script=Math,SizeFeatures={{Size=8.5-},{Size=6-8.5,Font=latinmode
rn-math.otf,Style=MathScript},{Size=-6,Font=latinmodern-math.otf,Style=MathScri
ptScript}},BoldFont={latinmodern-math.otf},ScaleAgain=0.9999,FontAdjustment={\f
ontdimen
(fontspec)             8\font =0.4pt\relax \fontdimen 9\font =2.0pt\relax
(fontspec)             \fontdimen 10\font =1.67pt\relax \fontdimen 11\font
(fontspec)             =1.11pt\relax \fontdimen 12\font =6.0pt\relax
(fontspec)             \fontdimen 13\font =0pt\relax }].
(fontspec)              
(fontspec)              This font family consists of the following NFSS
(fontspec)             series/shapes:
(fontspec)              
(fontspec)             - 'normal' (m/n) with NFSS spec.:
(fontspec)             <8.5->s*[0.9998964600422715]"[latinmodern-math.otf]/OT:s
cript=math;language=dflt;"<6-8.5>s*[0.9998964600422715]"[latinmodern-math.otf]/
OT:script=math;language=dflt;+ssty=0;"<-6>s*[0.9998964600422715]"[latinmodern-m
ath.otf]/OT:script=math;language=dflt;+ssty=1;"
(fontspec)             - 'small caps'  (m/sc) with NFSS spec.: 
(fontspec)             and font adjustment code:
(fontspec)             \fontdimen 8\font =0.4pt\relax \fontdimen 9\font
(fontspec)             =2.0pt\relax \fontdimen 10\font =1.67pt\relax
(fontspec)             \fontdimen 11\font =1.11pt\relax \fontdimen 12\font
(fontspec)             =6.0pt\relax \fontdimen 13\font =0pt\relax 
(fontspec)             - 'bold' (b/n) with NFSS spec.:
(fontspec)             <->s*[0.9998964600422715]"[latinmodern-math.otf]/OT:scri
pt=math;language=dflt;"
(fontspec)             - 'bold small caps'  (b/sc) with NFSS spec.: 
(fontspec)             and font adjustment code:
(fontspec)             \fontdimen 8\font =0.4pt\relax \fontdimen 9\font
(fontspec)             =2.0pt\relax \fontdimen 10\font =1.67pt\relax
(fontspec)             \fontdimen 11\font =1.11pt\relax \fontdimen 12\font
(fontspec)             =6.0pt\relax \fontdimen 13\font =0pt\relax 

LaTeX Font Info:    Encoding `OMX' has changed to `TU' for symbol font
(Font)              `largesymbols' in the math version `normal' on input line 1
72.
LaTeX Font Info:    Overwriting symbol font `largesymbols' in version `normal'
(Font)                  OMX/lmex/m/n --> TU/latinmodern-math.otf(3)/m/n on inpu
t line 172.
LaTeX Font Info:    Encoding `OMX' has changed to `TU' for symbol font
(Font)              `largesymbols' in the math version `bold' on input line 172
.
LaTeX Font Info:    Overwriting symbol font `largesymbols' in version `bold'
(Font)                  OMX/lmex/m/n --> TU/latinmodern-math.otf(3)/b/n on inpu
t line 172.
LaTeX Info: Redefining \microtypecontext on input line 172.
Package microtype Info: Character protrusion enabled (level 2).
Package microtype Info: Using protrusion set `basicmath'.
Package microtype Info: No adjustment of tracking.
Package microtype Info: No adjustment of spacing.
Package microtype Info: No adjustment of kerning.

(/usr/local/texlive/2021/texmf-dist/tex/latex/microtype/mt-LatinModernRoman.cfg
File: mt-LatinModernRoman.cfg 2021/02/21 v1.1 microtype config. file: Latin Mod
ern Roman (RS)
)
Package hyperref Info: Link coloring OFF on input line 172.
(/usr/local/texlive/2021/texmf-dist/tex/latex/hyperref/nameref.sty
Package: nameref 2021-04-02 v2.47 Cross-referencing by name of section
(/usr/local/texlive/2021/texmf-dist/tex/latex/refcount/refcount.sty
Package: refcount 2019/12/15 v3.6 Data extraction from label references (HO)
)
(/usr/local/texlive/2021/texmf-dist/tex/generic/gettitlestring/gettitlestring.s
ty
Package: gettitlestring 2019/12/15 v1.6 Cleanup title references (HO)
)
\c@section@level=\count340
)
LaTeX Info: Redefining \ref on input line 172.
LaTeX Info: Redefining \pageref on input line 172.
LaTeX Info: Redefining \nameref on input line 172.

Package hyperref Warning: Rerun to get /PageLabels entry.

LaTeX Font Info:    Font shape `TU/HaranoAjiMincho-Regular.otf(0)/m/n' will be
(Font)              scaled to size 15.97903pt on input line 174.
LaTeX Font Info:    Font shape `TU/latinmodern-math.otf(1)/m/n' will be
(Font)              scaled to size 12.0pt on input line 174.
LaTeX Font Info:    Font shape `TU/latinmodern-math.otf(1)/m/n' will be
(Font)              scaled to size 8.0pt on input line 174.
LaTeX Font Info:    Font shape `TU/latinmodern-math.otf(1)/m/n' will be
(Font)              scaled to size 6.0pt on input line 174.
LaTeX Font Info:    Trying to load font information for OML+lmm on input line 1
74.
(/usr/local/texlive/2021/texmf-dist/tex/latex/lm/omllmm.fd
File: omllmm.fd 2015/05/01 v1.6.1 Font defs for Latin Modern
)
LaTeX Font Info:    Font shape `TU/latinmodern-math.otf(2)/m/n' will be
(Font)              scaled to size 12.0011pt on input line 174.
LaTeX Font Info:    Font shape `TU/latinmodern-math.otf(2)/m/n' will be
(Font)              scaled to size 8.00073pt on input line 174.
LaTeX Font Info:    Font shape `TU/latinmodern-math.otf(2)/m/n' will be
(Font)              scaled to size 6.00055pt on input line 174.
LaTeX Font Info:    Font shape `TU/latinmodern-math.otf(3)/m/n' will be
(Font)              scaled to size 11.99872pt on input line 174.
LaTeX Font Info:    Font shape `TU/latinmodern-math.otf(3)/m/n' will be
(Font)              scaled to size 7.99915pt on input line 174.
LaTeX Font Info:    Font shape `TU/latinmodern-math.otf(3)/m/n' will be
(Font)              scaled to size 5.99936pt on input line 174.
LaTeX Font Info:    Trying to load font information for U+msa on input line 174
.
(/usr/local/texlive/2021/texmf-dist/tex/latex/amsfonts/umsa.fd
File: umsa.fd 2013/01/14 v3.01 AMS symbols A
) (/usr/local/texlive/2021/texmf-dist/tex/latex/microtype/mt-msa.cfg
File: mt-msa.cfg 2006/02/04 v1.1 microtype config. file: AMS symbols (a) (RS)
)
LaTeX Font Info:    Trying to load font information for U+msb on input line 174
.
(/usr/local/texlive/2021/texmf-dist/tex/latex/amsfonts/umsb.fd
File: umsb.fd 2013/01/14 v3.01 AMS symbols B
) (/usr/local/texlive/2021/texmf-dist/tex/latex/microtype/mt-msb.cfg
File: mt-msb.cfg 2005/06/01 v1.0 microtype config. file: AMS symbols (b) (RS)
)
LaTeX Font Info:    Font shape `TU/HaranoAjiMincho-Regular.otf(0)/m/n' will be
(Font)              scaled to size 11.09656pt on input line 174.
[1


]
Package microtype Info: Loading generic protrusion settings for font family
(microtype)             `lmss' (encoding: TU).
(microtype)             For optimal results, create family-specific settings.
(microtype)             See the microtype manual for details.
[2

]
LaTeX Font Info:    Font shape `TU/HaranoAjiGothic-Medium.otf(0)/m/n' will be
(Font)              scaled to size 23.00687pt on input line 177.
\tf@toc=\write4
\openout4 = `ds4aj.toc'.

[3] [4

]
LaTeX Font Info:    Font shape `TU/HaranoAjiGothic-Medium.otf(0)/m/n' will be
(Font)              scaled to size 13.31586pt on input line 196.
[5]
LaTeX Font Info:    Font shape `TU/latinmodern-math.otf(1)/m/n' will be
(Font)              scaled to size 7.0pt on input line 224.
LaTeX Font Info:    Font shape `TU/latinmodern-math.otf(1)/m/n' will be
(Font)              scaled to size 5.0pt on input line 224.
LaTeX Font Info:    Font shape `TU/latinmodern-math.otf(2)/m/n' will be
(Font)              scaled to size 10.00092pt on input line 224.
LaTeX Font Info:    Font shape `TU/latinmodern-math.otf(2)/m/n' will be
(Font)              scaled to size 7.00064pt on input line 224.
LaTeX Font Info:    Font shape `TU/latinmodern-math.otf(2)/m/n' will be
(Font)              scaled to size 5.00046pt on input line 224.
LaTeX Font Info:    Font shape `TU/latinmodern-math.otf(3)/m/n' will be
(Font)              scaled to size 9.99893pt on input line 224.
LaTeX Font Info:    Font shape `TU/latinmodern-math.otf(3)/m/n' will be
(Font)              scaled to size 6.99925pt on input line 224.
LaTeX Font Info:    Font shape `TU/latinmodern-math.otf(3)/m/n' will be
(Font)              scaled to size 4.99947pt on input line 224.
[6]

LaTeX Warning: Reference `japanese' on page 7 undefined on input line 237.

[7] [8]
第1章
LaTeX Font Info:    Font shape `TU/HaranoAjiGothic-Medium.otf(0)/m/n' will be
(Font)              scaled to size 19.17854pt on input line 268.
LaTeX Font Info:    Font shape `TU/HaranoAjiMincho-Regular.otf(0)/m/n' will be
(Font)              scaled to size 5.54828pt on input line 277.
LaTeX Font Info:    Font shape `TU/HaranoAjiMincho-Regular.otf(0)/m/n' will be
(Font)              scaled to size 7.3977pt on input line 277.
[9

] [10]
LaTeX Font Info:    Font shape `TU/HaranoAjiGothic-Medium.otf(0)/m/n' will be
(Font)              scaled to size 11.09656pt on input line 320.
[11] [12] [13] [14] [15]
LaTeX Font Info:    Font shape `TU/HaranoAjiMincho-Regular.otf(0)/b/n' will be
(Font)              scaled to size 9.24713pt on input line 436.
[16] [17] [18] [19] [20]
第2章

Package xeCJK Warning: Unknown CJK family `\CJKttdefault' is being ignored.
(xeCJK)                
(xeCJK)                Try to use `\setCJKmonofont[...]{...}' to define it.

[21

] [22] [23] [24]
第3章
File: ./data/base.png Graphic file (type bmp)
<./data/base.png>
[25

]
LaTeX Font Info:    Font shape `TU/lmtt/bx/n' in size <10> not available
(Font)              Font shape `TU/lmtt/b/n' tried instead on input line 799.

LaTeX Font Warning: Font shape `TU/HaranoAjiMincho-Regular.otf(0)/m/it' undefin
ed
(Font)              using `TU/HaranoAjiMincho-Regular.otf(0)/m/n' instead on in
put line 799.

[26] [27]
Underfull \vbox (badness 6157) detected at line 945
 []

[28]
Underfull \vbox (badness 10000) detected at line 1219
 []

[29]
Underfull \vbox (badness 10000) detected at line 1219
 []


Underfull \vbox (badness 10000) detected at line 1219
 []

[30]
Underfull \vbox (badness 10000) detected at line 1219
 []


Underfull \vbox (badness 10000) detected at line 1219
 []

[31]
Underfull \vbox (badness 10000) detected at line 1219
 []


Underfull \vbox (badness 10000) detected at line 1219
 []

[32]
Underfull \vbox (badness 10000) detected at line 1219
 []


Underfull \vbox (badness 10000) detected at line 1219
 []

[33]
Underfull \vbox (badness 10000) detected at line 1219
 []


Underfull \vbox (badness 10000) detected at line 1219
 []

[34]
Underfull \vbox (badness 10000) detected at line 1219
 []


Underfull \vbox (badness 10000) detected at line 1219
 []

[35]
Overfull \vbox (1.81245pt too high) detected at line 1270
 []

[36]
File: 03-first-example_files/figure-latex/unnamed-chunk-13-1.pdf Graphic file (
type pdf)
<use 03-first-example_files/figure-latex/unnamed-chunk-13-1.pdf>
[37] [38]
File: 03-first-example_files/figure-latex/unnamed-chunk-14-1.pdf Graphic file (
type pdf)
<use 03-first-example_files/figure-latex/unnamed-chunk-14-1.pdf>

Overfull \vbox (1.69925pt too high) detected at line 1375
 []

[39] [40]
File: 03-first-example_files/figure-latex/unnamed-chunk-17-1.pdf Graphic file (
type pdf)
<use 03-first-example_files/figure-latex/unnamed-chunk-17-1.pdf>

Overfull \hbox (23.86475pt too wide) in paragraph at lines 1427--1427
[]\TU/lmtt/m/n/10 df_gdp |> filter(iso2c %in% c("US", "CN", "JP", "DE", "IN", "
GB", "FR")) |>[] 
 []

[41]
File: 03-first-example_files/figure-latex/unnamed-chunk-18-1.pdf Graphic file (
type pdf)
<use 03-first-example_files/figure-latex/unnamed-chunk-18-1.pdf>
[42]
File: 03-first-example_files/figure-latex/unnamed-chunk-19-1.pdf Graphic file (
type pdf)
<use 03-first-example_files/figure-latex/unnamed-chunk-19-1.pdf>
File: 03-first-example_files/figure-latex/unnamed-chunk-20-1.pdf Graphic file (
type pdf)
<use 03-first-example_files/figure-latex/unnamed-chunk-20-1.pdf>
[43]
File: 03-first-example_files/figure-latex/unnamed-chunk-21-1.pdf Graphic file (
type pdf)
<use 03-first-example_files/figure-latex/unnamed-chunk-21-1.pdf>
[44]
File: 03-first-example_files/figure-latex/unnamed-chunk-22-1.pdf Graphic file (
type pdf)
<use 03-first-example_files/figure-latex/unnamed-chunk-22-1.pdf>
[45]
File: 03-first-example_files/figure-latex/unnamed-chunk-23-1.pdf Graphic file (
type pdf)
<use 03-first-example_files/figure-latex/unnamed-chunk-23-1.pdf>
[46]
File: 03-first-example_files/figure-latex/unnamed-chunk-24-1.pdf Graphic file (
type pdf)
<use 03-first-example_files/figure-latex/unnamed-chunk-24-1.pdf>
File: 03-first-example_files/figure-latex/unnamed-chunk-25-1.pdf Graphic file (
type pdf)
<use 03-first-example_files/figure-latex/unnamed-chunk-25-1.pdf>
[47]
File: 03-first-example_files/figure-latex/unnamed-chunk-26-1.pdf Graphic file (
type pdf)
<use 03-first-example_files/figure-latex/unnamed-chunk-26-1.pdf>
[48]
Underfull \vbox (badness 2582) detected at line 1643
 []

[49]
File: 03-first-example_files/figure-latex/unnamed-chunk-28-1.pdf Graphic file (
type pdf)
<use 03-first-example_files/figure-latex/unnamed-chunk-28-1.pdf>

Underfull \vbox (badness 10000) detected at line 1677
 []

[50]
File: 03-first-example_files/figure-latex/unnamed-chunk-29-1.pdf Graphic file (
type pdf)
<use 03-first-example_files/figure-latex/unnamed-chunk-29-1.pdf>
[51] [52]
第4章
[53

] [54] [55] [56] [57] [58] [59] [60]
第5章
[61

] [62] [63] [64] [65

] [66]
第6章
[67

] [68] [69] [70] [71] [72]
第7章
[73

] [74] [75] [76]
Missing character: There is no ⌃ (U+2303) in font [lmroman8-regular]:mapping=te
x-text;!
Missing character: There is no ⌵ (U+2335) in font [lmroman8-regular]:mapping=te
x-text;!
[77] [78] [79] [80] [81] [82] [83] [84] [85] [86]
第8章
[87

] [88]
第9章
[89

] [90

]
第10章
[91] [92] [93] [94]
第11章
[95

] [96] [97] [98

]
第12章
[99] [100] [101] [102

]
第13章
[103] [104

] [105] [106]
第14章
[107

] [108] [109]
Overfull \hbox (38.58368pt too wide) in paragraph at lines 3661--3663
[]\TU/lmr/m/n/10 TinyTeX \TU/HaranoAjiMincho-Regular.otf(0)/m/n/10 を デ ィ レ ク ト 
リ を 指 定 し て イ ン ス ト ー ル：| \TU/lmtt/m/n/10 tinytex::install_tinytex(dir
 []

[110] [111] [112] [113] [114] [115]
Underfull \hbox (badness 1107) in paragraph at lines 3902--3903
[]\TU/lmtt/m/n/10 tidyverse \TU/HaranoAjiMincho-Regular.otf(0)/m/n/10 な ど は、|  
す で に イ ン ス ト ー ル さ れ て い ま す が、|  使 い た い と
 []


Underfull \hbox (badness 2050) in paragraph at lines 3902--3903
\TU/HaranoAjiMincho-Regular.otf(0)/m/n/10 き は、| \TU/lmtt/m/n/10 library(tidyver
se) \TU/HaranoAjiMincho-Regular.otf(0)/m/n/10 と し、|  イ ン ス ト ー ル さ れ て い な い と 
き は、|
 []

[116] [117] [118

]
第15章
[119] [120] [121]
Overfull \hbox (34.36475pt too wide) in paragraph at lines 4097--4097
[]\TU/lmtt/m/n/10 If you are not sure, you may install TinyTeX in R: tinytex::i
nstall_tinytex()[] 
 []


Overfull \hbox (1879.377pt too wide) in paragraph at lines 4121--4121
[] \TU/HaranoAjiMincho-Regular.otf(0)/m/n/10 “ \TU/lmtt/m/n/10 C:/Program Files
/RStudio/bin/quarto/bin/tools/pandoc \TU/HaranoAjiMincho-Regular.otf(0)/m/n/10 
”  \TU/lmtt/m/n/10 +RTS -K512m -RTS RNotebook-J.knit.md  \TU/HaranoAjiMincho-Re
gular.otf(0)/m/n/10 – \TU/lmtt/m/n/10 to latex  \TU/HaranoAjiMincho-Regular.otf
(0)/m/n/10 – \TU/lmtt/m/n/10 from markdown+autolink_bare_uris+tex_math_single_b
ackslash  \TU/HaranoAjiMincho-Regular.otf(0)/m/n/10 – \TU/lmtt/m/n/10 output RN
otebook-J.tex  \TU/HaranoAjiMincho-Regular.otf(0)/m/n/10 – \TU/lmtt/m/n/10 lua-
filter  \TU/HaranoAjiMincho-Regular.otf(0)/m/n/10 “ \TU/lmtt/m/n/10 C:000117x-l
ibrary\4.2.lua \TU/HaranoAjiMincho-Regular.otf(0)/m/n/10 ”   – \TU/lmtt/m/n/10 
lua-filter  \TU/HaranoAjiMincho-Regular.otf(0)/m/n/10 “ \TU/lmtt/m/n/10 C:00011
7x-library\4.2-div.lua \TU/HaranoAjiMincho-Regular.otf(0)/m/n/10 ”   – \TU/lmtt
/m/n/10 embed-resources  \TU/HaranoAjiMincho-Regular.otf(0)/m/n/10 – \TU/lmtt/m
/n/10 standalone  \TU/HaranoAjiMincho-Regular.otf(0)/m/n/10 – \TU/lmtt/m/n/10 h
ighlight-style tango  \TU/HaranoAjiMincho-Regular.otf(0)/m/n/10 – \TU/lmtt/m/n/
10 pdf-engine pdflatex  \TU/HaranoAjiMincho-Regular.otf(0)/m/n/10 – \TU/lmtt/m/
n/10 variable graphics  \TU/HaranoAjiMincho-Regular.otf(0)/m/n/10 – \TU/lmtt/m/
n/10 variable  \TU/HaranoAjiMincho-Regular.otf(0)/m/n/10 “ \TU/lmtt/m/n/10 geom
etry:margin=1in \TU/HaranoAjiMincho-Regular.otf(0)/m/n/10 ”  \TU/lmtt/m/n/10 ou
tput file: RNotebook-J.knit.md[] 
 []


Overfull \hbox (975.67493pt too wide) in paragraph at lines 4121--4121
[]\TU/lmtt/m/n/10 Error: LaTeX failed to compile RNotebook-J.tex. See https://y
ihui.org/tinytex/r/#debugging for debugging tips. In addition: Warning message:
 In system2( \TU/HaranoAjiMincho-Regular.otf(0)/m/n/10 … \TU/lmtt/m/n/10 , stdo
ut = if (use_file_stdout()) f1 else FALSE, stderr = f2) :  \TU/HaranoAjiMincho-
Regular.otf(0)/m/n/10 ‘ “ \TU/lmtt/m/n/10 pdflatex \TU/HaranoAjiMincho-Regular.
otf(0)/m/n/10 ” ’  \TU/lmtt/m/n/10 not found Execution halted[] 
 []


Overfull \hbox (501.61475pt too wide) in paragraph at lines 4121--4121
[]\TU/lmtt/m/n/10 No LaTeX installation detected (LaTeX is required to create P
DF output). You should install a LaTeX distribution for your platform: https://
www.latex-project.org/get/[] 
 []


Overfull \hbox (34.36475pt too wide) in paragraph at lines 4121--4121
[]\TU/lmtt/m/n/10 If you are not sure, you may install TinyTeX in R: tinytex::i
nstall_tinytex()[] 
 []


Overfull \hbox (207.61475pt too wide) in paragraph at lines 4121--4121
[]\TU/lmtt/m/n/10 MacTeX on macOS - https://tug.org/mactex/ (NOTE: Download wit
h Safari rather than Chrome strongly recommended)[] 
 []

[122]
Overfull \hbox (75.3504pt too wide) in paragraph at lines 4152--4154
[]\TU/lmtt/m/n/10 Path=C:\**UserName**\AppData\Local\Microsoft\WindowsApps;C:\T
TeX\bin\windows 
 []

[123] [124

]
第16章
[125] [126]
File: 23-rbasics_files/figure-latex/unnamed-chunk-4-1.pdf Graphic file (type pd
f)
<use 23-rbasics_files/figure-latex/unnamed-chunk-4-1.pdf>
[127] [128] [129]
Underfull \hbox (badness 3333) in paragraph at lines 4458--4459
[]\TU/HaranoAjiMincho-Regular.otf(0)/m/n/10 実 行 す る に は、|  カ ー ソ ル の 場 所 で \TU/
lmr/m/n/10 Ctrl+Shift+Enter (Win) \TU/HaranoAjiMincho-Regular.otf(0)/m/n/10 ま た
 は
 []

[130]

LaTeX Font Warning: Font shape `TU/lmtt/bx/it' in size <10> not available
(Font)              Font shape `TU/lmtt/b/sl' tried instead on input line 4485.


[131]
Overfull \vbox (2.27998pt too high) detected at line 4704
 []

[132] [133]
Underfull \vbox (badness 10000) detected at line 4704
 []


Underfull \vbox (badness 10000) detected at line 4704
 []

[134]
Overfull \vbox (2.27998pt too high) detected at line 4704
 []

[135]
Underfull \vbox (badness 10000) detected at line 4790
 []

[136] [137] [138] [139] [140] [141] [142

]
第17章
[143] [144] [145] [146]
File: 24-tidyverse_files/figure-latex/unnamed-chunk-8-1.pdf Graphic file (type 
pdf)
<use 24-tidyverse_files/figure-latex/unnamed-chunk-8-1.pdf>

Overfull \hbox (120.00636pt too wide) in paragraph at lines 5141--5142
\TU/HaranoAjiMincho-Regular.otf(0)/b/n/10 ■ \TU/lmss/m/n/10 17.2.1.1.4 plot: \T
U/HaranoAjiMincho-Regular.otf(0)/b/n/10 散 布 図[] [] 
 []

[147] [148]
Overfull \vbox (0.98247pt too high) detected at line 5234
 []

[149] [150] [151]
File: 24-tidyverse_files/figure-latex/unnamed-chunk-18-1.pdf Graphic file (type
 pdf)
<use 24-tidyverse_files/figure-latex/unnamed-chunk-18-1.pdf>
[152]
File: 24-tidyverse_files/figure-latex/unnamed-chunk-19-1.pdf Graphic file (type
 pdf)
<use 24-tidyverse_files/figure-latex/unnamed-chunk-19-1.pdf>
[153]
File: 24-tidyverse_files/figure-latex/unnamed-chunk-20-1.pdf Graphic file (type
 pdf)
<use 24-tidyverse_files/figure-latex/unnamed-chunk-20-1.pdf>
[154]
Overfull \hbox (18.61475pt too wide) in paragraph at lines 5451--5451
[]\TU/lmtt/m/n/10 #> i Use []spec()[] to retrieve the full column specification
 for this data.[] 
 []


Overfull \hbox (71.11475pt too wide) in paragraph at lines 5451--5451
[]\TU/lmtt/m/n/10 #> i Specify the column types or set []show_col_types = FALSE
[] to quiet this message.[] 
 []

[155]
Overfull \hbox (18.61475pt too wide) in paragraph at lines 5499--5499
[]\TU/lmtt/m/n/10 #> i Use []spec()[] to retrieve the full column specification
 for this data.[] 
 []


Overfull \hbox (71.11475pt too wide) in paragraph at lines 5499--5499
[]\TU/lmtt/m/n/10 #> i Specify the column types or set []show_col_types = FALSE
[] to quiet this message.[] 
 []


Overfull \vbox (1.66997pt too high) detected at line 5541
 []

[156] [157] [158]
Overfull \hbox (49.1004pt too wide) in paragraph at lines 5636--5636
 []\TU/lmtt/m/n/10 ggplot(data = NULL, mapping = aes(), ..., environment = pare
nt.frame())[] 
 []

Missing character: There is no ⁠ (U+2060) in font [lmmono10-regular]:!
[159] [160]
第18章
[161

] [162]

Package longtable Warning: Column widths have changed
(longtable)                in table 18.2 on input line 5815.

[163] [164]
LaTeX Font Info:    Font shape `TU/HaranoAjiGothic-Medium.otf(0)/b/n' will be
(Font)              scaled to size 9.24713pt on input line 5893.
[165] [166] [167] [168] [169]
Overfull \vbox (2.16737pt too high) detected at line 6202
 []

[170] [171]
Overfull \hbox (18.61475pt too wide) in paragraph at lines 6297--6297
[]\TU/lmtt/m/n/10 #> i Use []spec()[] to retrieve the full column specification
 for this data.[] 
 []


Overfull \hbox (71.11475pt too wide) in paragraph at lines 6297--6297
[]\TU/lmtt/m/n/10 #> i Specify the column types or set []show_col_types = FALSE
[] to quiet this message.[] 
 []


Overfull \hbox (18.61475pt too wide) in paragraph at lines 6322--6322
[]\TU/lmtt/m/n/10 #> i Use []spec()[] to retrieve the full column specification
 for this data.[] 
 []


Overfull \hbox (71.11475pt too wide) in paragraph at lines 6322--6322
[]\TU/lmtt/m/n/10 #> i Specify the column types or set []show_col_types = FALSE
[] to quiet this message.[] 
 []

[172]
File: 25-transform_files/figure-latex/unnamed-chunk-25-1.pdf Graphic file (type
 pdf)
<use 25-transform_files/figure-latex/unnamed-chunk-25-1.pdf>
File: 25-transform_files/figure-latex/unnamed-chunk-26-1.pdf Graphic file (type
 pdf)
<use 25-transform_files/figure-latex/unnamed-chunk-26-1.pdf>
[173] [174]
Overfull \vbox (2.20996pt too high) detected at line 6462
 []

[175] [176]
Underfull \vbox (badness 10000) detected at line 6558
 []


Underfull \vbox (badness 10000) detected at line 6558
 []

[177]
Underfull \vbox (badness 1082) detected at line 6630
 []

[178] [179]
File: 25-transform_files/figure-latex/unnamed-chunk-41-1.pdf Graphic file (type
 pdf)
<use 25-transform_files/figure-latex/unnamed-chunk-41-1.pdf>
[180]
File: 25-transform_files/figure-latex/unnamed-chunk-42-1.pdf Graphic file (type
 pdf)
<use 25-transform_files/figure-latex/unnamed-chunk-42-1.pdf>
[181]
File: 25-transform_files/figure-latex/unnamed-chunk-43-1.pdf Graphic file (type
 pdf)
<use 25-transform_files/figure-latex/unnamed-chunk-43-1.pdf>
File: 25-transform_files/figure-latex/unnamed-chunk-44-1.pdf Graphic file (type
 pdf)
<use 25-transform_files/figure-latex/unnamed-chunk-44-1.pdf>
[182] [183]
Underfull \vbox (badness 10000) detected at line 6809
 []

[184] [185]
Overfull \vbox (0.38245pt too high) detected at line 6899
 []

[186]
File: 25-transform_files/figure-latex/unnamed-chunk-52-1.pdf Graphic file (type
 pdf)
<use 25-transform_files/figure-latex/unnamed-chunk-52-1.pdf>
[187]
File: 25-transform_files/figure-latex/unnamed-chunk-54-1.pdf Graphic file (type
 pdf)
<use 25-transform_files/figure-latex/unnamed-chunk-54-1.pdf>
[188]
Underfull \vbox (badness 10000) detected at line 7227
 []


Underfull \vbox (badness 10000) detected at line 7227
 []

[189]
Underfull \vbox (badness 10000) detected at line 7227
 []


Underfull \vbox (badness 10000) detected at line 7227
 []

[190]
Underfull \vbox (badness 10000) detected at line 7227
 []


Underfull \vbox (badness 10000) detected at line 7227
 []

[191]
Underfull \vbox (badness 10000) detected at line 7227
 []


Underfull \vbox (badness 10000) detected at line 7227
 []

[192]
Underfull \vbox (badness 10000) detected at line 7227
 []


Underfull \vbox (badness 10000) detected at line 7227
 []

[193]
Underfull \vbox (badness 10000) detected at line 7227
 []


Underfull \vbox (badness 10000) detected at line 7227
 []

[194]
File: 25-transform_files/figure-latex/unnamed-chunk-56-1.pdf Graphic file (type
 pdf)
<use 25-transform_files/figure-latex/unnamed-chunk-56-1.pdf>
[195] [196]
Underfull \hbox (badness 1565) in paragraph at lines 7328--7329
[]\TU/lmr/m/n/10 Pick data from the built-in datasets besides \TU/lmtt/m/n/10 c
ars\TU/lmr/m/n/10 . (\TU/lmtt/m/n/10 library(help =
 []

[197] [198] [199] [200

]
第19章

Overfull \hbox (12.15968pt too wide) in paragraph at lines 7517--7518
[]\TU/HaranoAjiMincho-Regular.otf(0)/m/n/10 タ イ ト ル や、|  列 名 な ど に に 日 本 語 を 使 
う 場 合 が あ る と き は、| \TU/lmtt/m/n/10 install.packages([]showtext[])
 []

[201]
File: 26-visualize_files/figure-latex/unnamed-chunk-3-1.pdf Graphic file (type 
pdf)
<use 26-visualize_files/figure-latex/unnamed-chunk-3-1.pdf>
[202]
Underfull \hbox (badness 1960) in paragraph at lines 7564--7565
[]\TU/lmtt/m/n/10 <DATA> |> ggplot(aes(x = < \TU/HaranoAjiMincho-Regular.otf(0)
/m/n/10 変 数 \TU/lmtt/m/n/10 x \TU/HaranoAjiMincho-Regular.otf(0)/m/n/10 の 列 名 \
TU/lmtt/m/n/10 >, y = < \TU/HaranoAjiMincho-Regular.otf(0)/m/n/10 変 数 \TU/lmtt/
m/n/10 y \TU/HaranoAjiMincho-Regular.otf(0)/m/n/10 の 列 名 \TU/lmtt/m/n/10 >)) +
 []


Underfull \hbox (badness 4686) in paragraph at lines 7572--7573
[]\TU/lmtt/m/n/10 ggplot(<DATA>, aes(x = < \TU/HaranoAjiMincho-Regular.otf(0)/m
/n/10 変 数 \TU/lmtt/m/n/10 x \TU/HaranoAjiMincho-Regular.otf(0)/m/n/10 の 列 名 \TU
/lmtt/m/n/10 >, y = < \TU/HaranoAjiMincho-Regular.otf(0)/m/n/10 変 数 \TU/lmtt/m/
n/10 y \TU/HaranoAjiMincho-Regular.otf(0)/m/n/10 の 列 名 \TU/lmtt/m/n/10 >)) +
 []

File: 26-visualize_files/figure-latex/unnamed-chunk-4-1.pdf Graphic file (type 
pdf)
<use 26-visualize_files/figure-latex/unnamed-chunk-4-1.pdf>
[203]
File: 26-visualize_files/figure-latex/unnamed-chunk-5-1.pdf Graphic file (type 
pdf)
<use 26-visualize_files/figure-latex/unnamed-chunk-5-1.pdf>

Overfull \hbox (39.61475pt too wide) in paragraph at lines 7614--7614
[]\TU/lmtt/m/n/10 ggplot(data = <data>, aes(x = <column name for x>, y = <colum
n name for y>)) +[] 
 []

File: 26-visualize_files/figure-latex/unnamed-chunk-6-1.pdf Graphic file (type 
pdf)
<use 26-visualize_files/figure-latex/unnamed-chunk-6-1.pdf>
[204]
Overfull \hbox (39.61475pt too wide) in paragraph at lines 7641--7641
[]\TU/lmtt/m/n/10 ggplot(data = <data>, aes(x = <column name for x>, y = <colum
n name for y>)) +[] 
 []

File: 26-visualize_files/figure-latex/unnamed-chunk-7-1.pdf Graphic file (type 
pdf)
<use 26-visualize_files/figure-latex/unnamed-chunk-7-1.pdf>
[205]
File: 26-visualize_files/figure-latex/unnamed-chunk-8-1.pdf Graphic file (type 
pdf)
<use 26-visualize_files/figure-latex/unnamed-chunk-8-1.pdf>
[206]
File: 26-visualize_files/figure-latex/unnamed-chunk-9-1.pdf Graphic file (type 
pdf)
<use 26-visualize_files/figure-latex/unnamed-chunk-9-1.pdf>
File: 26-visualize_files/figure-latex/unnamed-chunk-10-1.pdf Graphic file (type
 pdf)
<use 26-visualize_files/figure-latex/unnamed-chunk-10-1.pdf>
[207]
File: 26-visualize_files/figure-latex/unnamed-chunk-11-1.pdf Graphic file (type
 pdf)
<use 26-visualize_files/figure-latex/unnamed-chunk-11-1.pdf>
[208]
File: 26-visualize_files/figure-latex/unnamed-chunk-12-1.pdf Graphic file (type
 pdf)
<use 26-visualize_files/figure-latex/unnamed-chunk-12-1.pdf>
File: 26-visualize_files/figure-latex/unnamed-chunk-13-1.pdf Graphic file (type
 pdf)
<use 26-visualize_files/figure-latex/unnamed-chunk-13-1.pdf>
[209]
File: 26-visualize_files/figure-latex/unnamed-chunk-14-1.pdf Graphic file (type
 pdf)
<use 26-visualize_files/figure-latex/unnamed-chunk-14-1.pdf>
[210]
File: 26-visualize_files/figure-latex/unnamed-chunk-15-1.pdf Graphic file (type
 pdf)
<use 26-visualize_files/figure-latex/unnamed-chunk-15-1.pdf>

Underfull \hbox (badness 1558) in paragraph at lines 7764--7765
[]\TU/lmr/m/n/10 Visualize the distribution of a single continuous variable by 
dividing the x
 []


Underfull \hbox (badness 1275) in paragraph at lines 7764--7765
\TU/lmr/m/n/10 axis into bins and counting the number of observations in each b
in. His-
 []

[211]
File: 26-visualize_files/figure-latex/unnamed-chunk-16-1.pdf Graphic file (type
 pdf)
<use 26-visualize_files/figure-latex/unnamed-chunk-16-1.pdf>
File: 26-visualize_files/figure-latex/unnamed-chunk-17-1.pdf Graphic file (type
 pdf)
<use 26-visualize_files/figure-latex/unnamed-chunk-17-1.pdf>
[212]
File: 26-visualize_files/figure-latex/unnamed-chunk-18-1.pdf Graphic file (type
 pdf)
<use 26-visualize_files/figure-latex/unnamed-chunk-18-1.pdf>

Underfull \vbox (badness 3989) detected at line 7814
 []

[213]
File: 26-visualize_files/figure-latex/unnamed-chunk-19-1.pdf Graphic file (type
 pdf)
<use 26-visualize_files/figure-latex/unnamed-chunk-19-1.pdf>
File: 26-visualize_files/figure-latex/unnamed-chunk-20-1.pdf Graphic file (type
 pdf)
<use 26-visualize_files/figure-latex/unnamed-chunk-20-1.pdf>
[214]
File: 26-visualize_files/figure-latex/unnamed-chunk-21-1.pdf Graphic file (type
 pdf)
<use 26-visualize_files/figure-latex/unnamed-chunk-21-1.pdf>
File: 26-visualize_files/figure-latex/unnamed-chunk-22-1.pdf Graphic file (type
 pdf)
<use 26-visualize_files/figure-latex/unnamed-chunk-22-1.pdf>
[215]
File: 26-visualize_files/figure-latex/unnamed-chunk-23-1.pdf Graphic file (type
 pdf)
<use 26-visualize_files/figure-latex/unnamed-chunk-23-1.pdf>
[216] [217]
File: 26-visualize_files/figure-latex/unnamed-chunk-26-1.pdf Graphic file (type
 pdf)
<use 26-visualize_files/figure-latex/unnamed-chunk-26-1.pdf>
File: 26-visualize_files/figure-latex/unnamed-chunk-27-1.pdf Graphic file (type
 pdf)
<use 26-visualize_files/figure-latex/unnamed-chunk-27-1.pdf>
[218]
Overfull \hbox (18.61475pt too wide) in paragraph at lines 7999--7999
[]\TU/lmtt/m/n/10 #> i Use []spec()[] to retrieve the full column specification
 for this data.[] 
 []


Overfull \hbox (71.11475pt too wide) in paragraph at lines 7999--7999
[]\TU/lmtt/m/n/10 #> i Specify the column types or set []show_col_types = FALSE
[] to quiet this message.[] 
 []

[219]
Overfull \hbox (18.61475pt too wide) in paragraph at lines 8025--8025
[]\TU/lmtt/m/n/10 #> i Use []spec()[] to retrieve the full column specification
 for this data.[] 
 []


Overfull \hbox (71.11475pt too wide) in paragraph at lines 8025--8025
[]\TU/lmtt/m/n/10 #> i Specify the column types or set []show_col_types = FALSE
[] to quiet this message.[] 
 []

File: 26-visualize_files/figure-latex/unnamed-chunk-36-1.pdf Graphic file (type
 pdf)
<use 26-visualize_files/figure-latex/unnamed-chunk-36-1.pdf>
[220]
Underfull \vbox (badness 4660) detected at line 8099
 []

[221]
File: 26-visualize_files/figure-latex/unnamed-chunk-39-1.pdf Graphic file (type
 pdf)
<use 26-visualize_files/figure-latex/unnamed-chunk-39-1.pdf>
File: 26-visualize_files/figure-latex/unnamed-chunk-40-1.pdf Graphic file (type
 pdf)
<use 26-visualize_files/figure-latex/unnamed-chunk-40-1.pdf>
[222]
File: 26-visualize_files/figure-latex/unnamed-chunk-41-1.pdf Graphic file (type
 pdf)
<use 26-visualize_files/figure-latex/unnamed-chunk-41-1.pdf>
File: 26-visualize_files/figure-latex/unnamed-chunk-42-1.pdf Graphic file (type
 pdf)
<use 26-visualize_files/figure-latex/unnamed-chunk-42-1.pdf>
[223] [224]
File: 26-visualize_files/figure-latex/unnamed-chunk-45-1.pdf Graphic file (type
 pdf)
<use 26-visualize_files/figure-latex/unnamed-chunk-45-1.pdf>
[225]
File: 26-visualize_files/figure-latex/unnamed-chunk-46-1.pdf Graphic file (type
 pdf)
<use 26-visualize_files/figure-latex/unnamed-chunk-46-1.pdf>
[226]
File: 26-visualize_files/figure-latex/unnamed-chunk-47-1.pdf Graphic file (type
 pdf)
<use 26-visualize_files/figure-latex/unnamed-chunk-47-1.pdf>
[227]
File: 26-visualize_files/figure-latex/unnamed-chunk-48-1.pdf Graphic file (type
 pdf)
<use 26-visualize_files/figure-latex/unnamed-chunk-48-1.pdf>
File: 26-visualize_files/figure-latex/unnamed-chunk-49-1.pdf Graphic file (type
 pdf)
<use 26-visualize_files/figure-latex/unnamed-chunk-49-1.pdf>
[228]
File: 26-visualize_files/figure-latex/unnamed-chunk-50-1.pdf Graphic file (type
 pdf)
<use 26-visualize_files/figure-latex/unnamed-chunk-50-1.pdf>
[229]
File: 26-visualize_files/figure-latex/unnamed-chunk-51-1.pdf Graphic file (type
 pdf)
<use 26-visualize_files/figure-latex/unnamed-chunk-51-1.pdf>
[230]
File: 26-visualize_files/figure-latex/unnamed-chunk-52-1.pdf Graphic file (type
 pdf)
<use 26-visualize_files/figure-latex/unnamed-chunk-52-1.pdf>
[231]
File: 26-visualize_files/figure-latex/unnamed-chunk-53-1.pdf Graphic file (type
 pdf)
<use 26-visualize_files/figure-latex/unnamed-chunk-53-1.pdf>
LaTeX Font Info:    Font shape `TU/HaranoAjiGothic-Medium.otf(0)/b/n' will be
(Font)              scaled to size 11.09656pt on input line 8347.
[232]
File: 26-visualize_files/figure-latex/unnamed-chunk-54-1.pdf Graphic file (type
 pdf)
<use 26-visualize_files/figure-latex/unnamed-chunk-54-1.pdf>
File: 26-visualize_files/figure-latex/unnamed-chunk-55-1.pdf Graphic file (type
 pdf)
<use 26-visualize_files/figure-latex/unnamed-chunk-55-1.pdf>
[233]
File: 26-visualize_files/figure-latex/unnamed-chunk-57-1.pdf Graphic file (type
 pdf)
<use 26-visualize_files/figure-latex/unnamed-chunk-57-1.pdf>
[234]
File: 26-visualize_files/figure-latex/unnamed-chunk-58-1.pdf Graphic file (type
 pdf)
<use 26-visualize_files/figure-latex/unnamed-chunk-58-1.pdf>

Overfull \hbox (105.2351pt too wide) in paragraph at lines 8413--8414
\TU/HaranoAjiGothic-Medium.otf(0)/b/n/10 ■ \TU/lmss/m/n/10 19.5.4.0.1 Box Plot[
] [] 
 []

[235]
File: 26-visualize_files/figure-latex/unnamed-chunk-59-1.pdf Graphic file (type
 pdf)
<use 26-visualize_files/figure-latex/unnamed-chunk-59-1.pdf>
File: 26-visualize_files/figure-latex/unnamed-chunk-61-1.pdf Graphic file (type
 pdf)
<use 26-visualize_files/figure-latex/unnamed-chunk-61-1.pdf>
[236]
File: 26-visualize_files/figure-latex/unnamed-chunk-62-1.pdf Graphic file (type
 pdf)
<use 26-visualize_files/figure-latex/unnamed-chunk-62-1.pdf>

Underfull \vbox (badness 10000) detected at line 8470
 []

[237]
File: 26-visualize_files/figure-latex/unnamed-chunk-63-1.pdf Graphic file (type
 pdf)
<use 26-visualize_files/figure-latex/unnamed-chunk-63-1.pdf>
File: 26-visualize_files/figure-latex/unnamed-chunk-64-1.pdf Graphic file (type
 pdf)
<use 26-visualize_files/figure-latex/unnamed-chunk-64-1.pdf>
[238]
File: 26-visualize_files/figure-latex/unnamed-chunk-65-1.pdf Graphic file (type
 pdf)
<use 26-visualize_files/figure-latex/unnamed-chunk-65-1.pdf>
[239]
File: 26-visualize_files/figure-latex/unnamed-chunk-66-1.pdf Graphic file (type
 pdf)
<use 26-visualize_files/figure-latex/unnamed-chunk-66-1.pdf>
File: 26-visualize_files/figure-latex/unnamed-chunk-67-1.pdf Graphic file (type
 pdf)
<use 26-visualize_files/figure-latex/unnamed-chunk-67-1.pdf>
[240]
File: 26-visualize_files/figure-latex/unnamed-chunk-68-1.pdf Graphic file (type
 pdf)
<use 26-visualize_files/figure-latex/unnamed-chunk-68-1.pdf>
[241]
File: 26-visualize_files/figure-latex/unnamed-chunk-69-1.pdf Graphic file (type
 pdf)
<use 26-visualize_files/figure-latex/unnamed-chunk-69-1.pdf>
[242]
File: 26-visualize_files/figure-latex/unnamed-chunk-70-1.pdf Graphic file (type
 pdf)
<use 26-visualize_files/figure-latex/unnamed-chunk-70-1.pdf>
File: 26-visualize_files/figure-latex/unnamed-chunk-71-1.pdf Graphic file (type
 pdf)
<use 26-visualize_files/figure-latex/unnamed-chunk-71-1.pdf>
[243]
File: 26-visualize_files/figure-latex/unnamed-chunk-72-1.pdf Graphic file (type
 pdf)
<use 26-visualize_files/figure-latex/unnamed-chunk-72-1.pdf>
[244]
File: 26-visualize_files/figure-latex/unnamed-chunk-73-1.pdf Graphic file (type
 pdf)
<use 26-visualize_files/figure-latex/unnamed-chunk-73-1.pdf>
[245]
File: 26-visualize_files/figure-latex/unnamed-chunk-74-1.pdf Graphic file (type
 pdf)
<use 26-visualize_files/figure-latex/unnamed-chunk-74-1.pdf>
File: 26-visualize_files/figure-latex/unnamed-chunk-75-1.pdf Graphic file (type
 pdf)
<use 26-visualize_files/figure-latex/unnamed-chunk-75-1.pdf>
[246]
Runaway argument?
! TeX capacity exceeded, sorry [main memory size=5000000].
MT@font@list ...0 ,TU/lmtt/m/it/10 ,TU/lmr/m/n/5 ,
                                                  TU/lmss/bx/n/12 ,TU/lmtt/m...
l.27343 ...2                           Antarctica}
                                                   
Here is how much of TeX's memory you used:
 22900 strings out of 476919
 488624 string characters out of 5821840
 5000001 words of memory out of 5000000
 42455 multiletter control sequences out of 15000+600000
 410113 words of font info for 109 fonts, out of 8000000 for 9000
 1353 hyphenation exceptions out of 8191
 117i,11n,135p,994b,937s stack positions out of 5000i,500n,10000p,200000b,80000s

Output written on ds4aj.pdf (246 pages).
